<?xml version="1.0" encoding="UTF-8"?>
<testsuite name="com.webservice.rentalSpace.web.IndexControllerTest" tests="1" skipped="0" failures="0" errors="0" timestamp="2020-10-07T06:41:41" hostname="DESKTOP-H3LF14J" time="0.834">
  <properties/>
  <testcase name="메인페이지_로딩" classname="com.webservice.rentalSpace.web.IndexControllerTest" time="0.834"/>
  <system-out><![CDATA[15:41:36.481 [Test worker] DEBUG org.springframework.test.context.junit4.SpringJUnit4ClassRunner - SpringJUnit4ClassRunner constructor called with [class com.webservice.rentalSpace.web.IndexControllerTest]
15:41:36.498 [Test worker] DEBUG org.springframework.test.context.BootstrapUtils - Instantiating CacheAwareContextLoaderDelegate from class [org.springframework.test.context.cache.DefaultCacheAwareContextLoaderDelegate]
15:41:36.515 [Test worker] DEBUG org.springframework.test.context.BootstrapUtils - Instantiating BootstrapContext using constructor [public org.springframework.test.context.support.DefaultBootstrapContext(java.lang.Class,org.springframework.test.context.CacheAwareContextLoaderDelegate)]
15:41:36.545 [Test worker] DEBUG org.springframework.test.context.BootstrapUtils - Instantiating TestContextBootstrapper for test class [com.webservice.rentalSpace.web.IndexControllerTest] from class [org.springframework.boot.test.context.SpringBootTestContextBootstrapper]
15:41:36.579 [Test worker] INFO org.springframework.boot.test.context.SpringBootTestContextBootstrapper - Neither @ContextConfiguration nor @ContextHierarchy found for test class [com.webservice.rentalSpace.web.IndexControllerTest], using SpringBootContextLoader
15:41:36.585 [Test worker] DEBUG org.springframework.test.context.support.AbstractContextLoader - Did not detect default resource location for test class [com.webservice.rentalSpace.web.IndexControllerTest]: class path resource [com/webservice/rentalSpace/web/IndexControllerTest-context.xml] does not exist
15:41:36.586 [Test worker] DEBUG org.springframework.test.context.support.AbstractContextLoader - Did not detect default resource location for test class [com.webservice.rentalSpace.web.IndexControllerTest]: class path resource [com/webservice/rentalSpace/web/IndexControllerTestContext.groovy] does not exist
15:41:36.586 [Test worker] INFO org.springframework.test.context.support.AbstractContextLoader - Could not detect default resource locations for test class [com.webservice.rentalSpace.web.IndexControllerTest]: no resource found for suffixes {-context.xml, Context.groovy}.
15:41:36.587 [Test worker] INFO org.springframework.test.context.support.AnnotationConfigContextLoaderUtils - Could not detect default configuration classes for test class [com.webservice.rentalSpace.web.IndexControllerTest]: IndexControllerTest does not declare any static, non-private, non-final, nested classes annotated with @Configuration.
15:41:36.697 [Test worker] DEBUG org.springframework.test.context.support.ActiveProfilesUtils - Could not find an 'annotation declaring class' for annotation type [org.springframework.test.context.ActiveProfiles] and class [com.webservice.rentalSpace.web.IndexControllerTest]
15:41:36.853 [Test worker] DEBUG org.springframework.context.annotation.ClassPathScanningCandidateComponentProvider - Identified candidate component class: file [C:\Users\Jeongeun\IdeaProjects\RentalSpace-webservice\build\classes\java\main\com\webservice\rentalSpace\Application.class]
15:41:36.861 [Test worker] INFO org.springframework.boot.test.context.SpringBootTestContextBootstrapper - Found @SpringBootConfiguration com.webservice.rentalSpace.Application for test class com.webservice.rentalSpace.web.IndexControllerTest
15:41:37.119 [Test worker] DEBUG org.springframework.boot.test.context.SpringBootTestContextBootstrapper - @TestExecutionListeners is not present for class [com.webservice.rentalSpace.web.IndexControllerTest]: using defaults.
15:41:37.120 [Test worker] INFO org.springframework.boot.test.context.SpringBootTestContextBootstrapper - Loaded default TestExecutionListener class names from location [META-INF/spring.factories]: [org.springframework.boot.test.autoconfigure.restdocs.RestDocsTestExecutionListener, org.springframework.boot.test.autoconfigure.web.client.MockRestServiceServerResetTestExecutionListener, org.springframework.boot.test.autoconfigure.web.servlet.MockMvcPrintOnlyOnFailureTestExecutionListener, org.springframework.boot.test.autoconfigure.web.servlet.WebDriverTestExecutionListener, org.springframework.boot.test.mock.mockito.MockitoTestExecutionListener, org.springframework.boot.test.mock.mockito.ResetMocksTestExecutionListener, org.springframework.test.context.web.ServletTestExecutionListener, org.springframework.test.context.support.DirtiesContextBeforeModesTestExecutionListener, org.springframework.test.context.support.DependencyInjectionTestExecutionListener, org.springframework.test.context.support.DirtiesContextTestExecutionListener, org.springframework.test.context.transaction.TransactionalTestExecutionListener, org.springframework.test.context.jdbc.SqlScriptsTestExecutionListener]
15:41:37.144 [Test worker] DEBUG org.springframework.boot.test.context.SpringBootTestContextBootstrapper - Skipping candidate TestExecutionListener [org.springframework.test.context.transaction.TransactionalTestExecutionListener] due to a missing dependency. Specify custom listener classes or make the default listener classes and their required dependencies available. Offending class: [org/springframework/transaction/interceptor/TransactionAttributeSource]
15:41:37.145 [Test worker] DEBUG org.springframework.boot.test.context.SpringBootTestContextBootstrapper - Skipping candidate TestExecutionListener [org.springframework.test.context.jdbc.SqlScriptsTestExecutionListener] due to a missing dependency. Specify custom listener classes or make the default listener classes and their required dependencies available. Offending class: [org/springframework/transaction/interceptor/TransactionAttribute]
15:41:37.146 [Test worker] INFO org.springframework.boot.test.context.SpringBootTestContextBootstrapper - Using TestExecutionListeners: [org.springframework.test.context.web.ServletTestExecutionListener@1ed476b9, org.springframework.test.context.support.DirtiesContextBeforeModesTestExecutionListener@11a83c, org.springframework.boot.test.mock.mockito.MockitoTestExecutionListener@72dbe3a2, org.springframework.boot.test.autoconfigure.SpringBootDependencyInjectionTestExecutionListener@4ba13ed, org.springframework.test.context.support.DirtiesContextTestExecutionListener@3966cc7d, org.springframework.boot.test.autoconfigure.restdocs.RestDocsTestExecutionListener@343bc325, org.springframework.boot.test.autoconfigure.web.client.MockRestServiceServerResetTestExecutionListener@19d0e0f3, org.springframework.boot.test.autoconfigure.web.servlet.MockMvcPrintOnlyOnFailureTestExecutionListener@4d21ad5f, org.springframework.boot.test.autoconfigure.web.servlet.WebDriverTestExecutionListener@42ab85a2, org.springframework.boot.test.mock.mockito.ResetMocksTestExecutionListener@28e35439]
15:41:37.154 [Test worker] DEBUG org.springframework.test.annotation.ProfileValueUtils - Retrieved @ProfileValueSourceConfiguration [null] for test class [com.webservice.rentalSpace.web.IndexControllerTest]
15:41:37.155 [Test worker] DEBUG org.springframework.test.annotation.ProfileValueUtils - Retrieved ProfileValueSource type [class org.springframework.test.annotation.SystemProfileValueSource] for class [com.webservice.rentalSpace.web.IndexControllerTest]
15:41:37.163 [Test worker] DEBUG org.springframework.test.annotation.ProfileValueUtils - Retrieved @ProfileValueSourceConfiguration [null] for test class [com.webservice.rentalSpace.web.IndexControllerTest]
15:41:37.163 [Test worker] DEBUG org.springframework.test.annotation.ProfileValueUtils - Retrieved ProfileValueSource type [class org.springframework.test.annotation.SystemProfileValueSource] for class [com.webservice.rentalSpace.web.IndexControllerTest]
15:41:37.164 [Test worker] DEBUG org.springframework.test.annotation.ProfileValueUtils - Retrieved @ProfileValueSourceConfiguration [null] for test class [com.webservice.rentalSpace.web.IndexControllerTest]
15:41:37.164 [Test worker] DEBUG org.springframework.test.annotation.ProfileValueUtils - Retrieved ProfileValueSource type [class org.springframework.test.annotation.SystemProfileValueSource] for class [com.webservice.rentalSpace.web.IndexControllerTest]
15:41:37.174 [Test worker] DEBUG org.springframework.test.context.support.AbstractDirtiesContextTestExecutionListener - Before test class: context [DefaultTestContext@50a2d0d1 testClass = IndexControllerTest, testInstance = [null], testMethod = [null], testException = [null], mergedContextConfiguration = [WebMergedContextConfiguration@5d747f04 testClass = IndexControllerTest, locations = '{}', classes = '{class com.webservice.rentalSpace.Application}', contextInitializerClasses = '[]', activeProfiles = '{}', propertySourceLocations = '{}', propertySourceProperties = '{org.springframework.boot.test.context.SpringBootTestContextBootstrapper=true, server.port=0}', contextCustomizers = set[org.springframework.boot.test.autoconfigure.properties.PropertyMappingContextCustomizer@0, org.springframework.boot.test.autoconfigure.web.servlet.WebDriverContextCustomizerFactory$Customizer@7a30366f, org.springframework.boot.test.context.filter.ExcludeFilterContextCustomizer@5aced3c5, org.springframework.boot.test.json.DuplicateJsonObjectContextCustomizerFactory$DuplicateJsonObjectContextCustomizer@6b25d834, org.springframework.boot.test.mock.mockito.MockitoContextCustomizer@0, org.springframework.boot.test.web.client.TestRestTemplateContextCustomizer@392bd0c3], resourceBasePath = 'src/main/webapp', contextLoader = 'org.springframework.boot.test.context.SpringBootContextLoader', parent = [null]], attributes = map['org.springframework.test.context.web.ServletTestExecutionListener.activateListener' -> false]], class annotated with @DirtiesContext [false] with mode [null].
15:41:37.176 [Test worker] DEBUG org.springframework.test.annotation.ProfileValueUtils - Retrieved @ProfileValueSourceConfiguration [null] for test class [com.webservice.rentalSpace.web.IndexControllerTest]
15:41:37.176 [Test worker] DEBUG org.springframework.test.annotation.ProfileValueUtils - Retrieved ProfileValueSource type [class org.springframework.test.annotation.SystemProfileValueSource] for class [com.webservice.rentalSpace.web.IndexControllerTest]
15:41:37.183 [Test worker] DEBUG org.springframework.test.context.support.DependencyInjectionTestExecutionListener - Performing dependency injection for test context [[DefaultTestContext@50a2d0d1 testClass = IndexControllerTest, testInstance = com.webservice.rentalSpace.web.IndexControllerTest@391e2b97, testMethod = [null], testException = [null], mergedContextConfiguration = [WebMergedContextConfiguration@5d747f04 testClass = IndexControllerTest, locations = '{}', classes = '{class com.webservice.rentalSpace.Application}', contextInitializerClasses = '[]', activeProfiles = '{}', propertySourceLocations = '{}', propertySourceProperties = '{org.springframework.boot.test.context.SpringBootTestContextBootstrapper=true, server.port=0}', contextCustomizers = set[org.springframework.boot.test.autoconfigure.properties.PropertyMappingContextCustomizer@0, org.springframework.boot.test.autoconfigure.web.servlet.WebDriverContextCustomizerFactory$Customizer@7a30366f, org.springframework.boot.test.context.filter.ExcludeFilterContextCustomizer@5aced3c5, org.springframework.boot.test.json.DuplicateJsonObjectContextCustomizerFactory$DuplicateJsonObjectContextCustomizer@6b25d834, org.springframework.boot.test.mock.mockito.MockitoContextCustomizer@0, org.springframework.boot.test.web.client.TestRestTemplateContextCustomizer@392bd0c3], resourceBasePath = 'src/main/webapp', contextLoader = 'org.springframework.boot.test.context.SpringBootContextLoader', parent = [null]], attributes = map['org.springframework.test.context.web.ServletTestExecutionListener.activateListener' -> false]]].
15:41:37.217 [Test worker] DEBUG org.springframework.test.context.support.TestPropertySourceUtils - Adding inlined properties to environment: {spring.jmx.enabled=false, org.springframework.boot.test.context.SpringBootTestContextBootstrapper=true, server.port=0}

  .   ____          _            __ _ _
 /\\ / ___'_ __ _ _(_)_ __  __ _ \ \ \ \
( ( )\___ | '_ | '_| | '_ \/ _` | \ \ \ \
 \\/  ___)| |_)| | | | | || (_| |  ) ) ) )
  '  |____| .__|_| |_|_| |_\__, | / / / /
 =========|_|==============|___/=/_/_/_/
 :: Spring Boot ::        (v2.1.7.RELEASE)

2020-10-07 15:41:37.724  INFO 30724 --- [    Test worker] c.w.rentalSpace.web.IndexControllerTest  : Starting IndexControllerTest on DESKTOP-H3LF14J with PID 30724 (started by Jeongeun in C:\Users\Jeongeun\IdeaProjects\RentalSpace-webservice)
2020-10-07 15:41:37.728  INFO 30724 --- [    Test worker] c.w.rentalSpace.web.IndexControllerTest  : No active profile set, falling back to default profiles: default
2020-10-07 15:41:40.116  INFO 30724 --- [    Test worker] o.s.b.w.embedded.tomcat.TomcatWebServer  : Tomcat initialized with port(s): 0 (http)
2020-10-07 15:41:40.185  INFO 30724 --- [    Test worker] o.apache.catalina.core.StandardService   : Starting service [Tomcat]
2020-10-07 15:41:40.186  INFO 30724 --- [    Test worker] org.apache.catalina.core.StandardEngine  : Starting Servlet engine: [Apache Tomcat/9.0.22]
2020-10-07 15:41:40.449  INFO 30724 --- [    Test worker] o.a.c.c.C.[Tomcat].[localhost].[/]       : Initializing Spring embedded WebApplicationContext
2020-10-07 15:41:40.449  INFO 30724 --- [    Test worker] o.s.web.context.ContextLoader            : Root WebApplicationContext: initialization completed in 2682 ms
2020-10-07 15:41:41.289  INFO 30724 --- [    Test worker] o.s.s.concurrent.ThreadPoolTaskExecutor  : Initializing ExecutorService 'applicationTaskExecutor'
2020-10-07 15:41:41.473  INFO 30724 --- [    Test worker] o.s.b.a.w.s.WelcomePageHandlerMapping    : Adding welcome page template: index
2020-10-07 15:41:41.935  INFO 30724 --- [    Test worker] o.s.b.w.embedded.tomcat.TomcatWebServer  : Tomcat started on port(s): 59743 (http) with context path ''
2020-10-07 15:41:41.943  INFO 30724 --- [    Test worker] c.w.rentalSpace.web.IndexControllerTest  : Started IndexControllerTest in 4.721 seconds (JVM running for 7.758)
2020-10-07 15:41:42.551  INFO 30724 --- [o-auto-1-exec-1] o.a.c.c.C.[Tomcat].[localhost].[/]       : Initializing Spring DispatcherServlet 'dispatcherServlet'
2020-10-07 15:41:42.551  INFO 30724 --- [o-auto-1-exec-1] o.s.web.servlet.DispatcherServlet        : Initializing Servlet 'dispatcherServlet'
2020-10-07 15:41:42.597  INFO 30724 --- [o-auto-1-exec-1] o.s.web.servlet.DispatcherServlet        : Completed initialization in 45 ms
]]></system-out>
  <system-err><![CDATA[]]></system-err>
</testsuite>
